[    2948ms] [WARNING] Image with src "/images/logo/logo-zgar.png" was detected as the Largest Contentful Paint (LCP). Please add the `loading="eager"` property if this image is above the fold.
Read more: https://nextjs.org/docs/app/api-reference/components/image#loading @ http://localhost:3000/_next/static/chunks/e07b3_next_dist_c486d14f._.js:2287
[    3264ms] [WARNING] Image with src "http://localhost:3000/images/logo/logo-zgar.png" has either width or height modified, but not the other. If you use CSS to change the size of your image, also include the styles 'width: "auto"' or 'height: "auto"' to maintain the aspect ratio. @ http://localhost:3000/_next/static/chunks/e07b3_next_dist_c486d14f._.js:2287
[  129579ms] [ERROR] WebSocket connection to 'ws://localhost:3000/_next/webpack-hmr?id=MLPPo77qeWDIyA0vFZD5y' failed: Error in connection establishment: net::ERR_CONNECTION_REFUSED @ http://localhost:3000/_next/static/chunks/e07b3_next_dist_client_781741e4._.js:10116
[  130586ms] [ERROR] WebSocket connection to 'ws://localhost:3000/_next/webpack-hmr?id=MLPPo77qeWDIyA0vFZD5y' failed: Error in connection establishment: net::ERR_CONNECTION_REFUSED @ http://localhost:3000/_next/static/chunks/e07b3_next_dist_client_781741e4._.js:10116
[  131593ms] [ERROR] WebSocket connection to 'ws://localhost:3000/_next/webpack-hmr?id=MLPPo77qeWDIyA0vFZD5y' failed: Error in connection establishment: net::ERR_CONNECTION_REFUSED @ http://localhost:3000/_next/static/chunks/e07b3_next_dist_client_781741e4._.js:10116
[  132602ms] [ERROR] WebSocket connection to 'ws://localhost:3000/_next/webpack-hmr?id=MLPPo77qeWDIyA0vFZD5y' failed: Error in connection establishment: net::ERR_CONNECTION_REFUSED @ http://localhost:3000/_next/static/chunks/e07b3_next_dist_client_781741e4._.js:10116
[  142251ms] [WARNING] Image with src "/images/logo/logo-zgar.png" was detected as the Largest Contentful Paint (LCP). Please add the `loading="eager"` property if this image is above the fold.
Read more: https://nextjs.org/docs/app/api-reference/components/image#loading @ http://localhost:3000/_next/static/chunks/e07b3_next_dist_c486d14f._.js:2287
[  142479ms] [WARNING] Image with src "http://localhost:3000/images/logo/logo-zgar.png" has either width or height modified, but not the other. If you use CSS to change the size of your image, also include the styles 'width: "auto"' or 'height: "auto"' to maintain the aspect ratio. @ http://localhost:3000/_next/static/chunks/e07b3_next_dist_c486d14f._.js:2287
[  218622ms] [ERROR] IntlError: MISSING_MESSAGE: Could not resolve `HomeHotSellingProduct.reviews` in messages for locale `en-us`.
    at getFallbackFromErrorAndNotify (http://localhost:3000/_next/static/chunks/node_modules__pnpm_e49bb73e._.js:5733:23)
    at translateBaseFn (http://localhost:3000/_next/static/chunks/node_modules__pnpm_e49bb73e._.js:5763:28)
    at translateFn (http://localhost:3000/_next/static/chunks/node_modules__pnpm_e49bb73e._.js:5825:24)
    at eval (http://localhost:3000/_next/static/chunks/_283d8b48._.js?id=%255Bproject%255D%252Fwidgets%252FHomeHotSellingProduct%252Findex.tsx+%255Bapp-client%255D+%2528ecmascript%2529:353:61)
    at Array.map (<anonymous>)
    at HomeHotSellingProduct (http://localhost:3000/_next/static/chunks/_283d8b48._.js?id=%255Bproject%255D%252Fwidgets%252FHomeHotSellingProduct%252Findex.tsx+%255Bapp-client%255D+%2528ecmascript%2529:242:44)
    at Object.react_stack_bottom_frame (http://localhost:3000/_next/static/chunks/e07b3_next_dist_compiled_react-dom_fa89b532._.js:14816:24)
    at renderWithHooks (http://localhost:3000/_next/static/chunks/e07b3_next_dist_compiled_react-dom_fa89b532._.js:4645:24)
    at updateFunctionComponent (http://localhost:3000/_next/static/chunks/e07b3_next_dist_compiled_react-dom_fa89b532._.js:6106:21)
    at beginWork (http://localhost:3000/_next/static/chunks/e07b3_next_dist_compiled_react-dom_fa89b532._.js:6702:24)
    at runWithFiberInDEV (http://localhost:3000/_next/static/chunks/e07b3_next_dist_compiled_react-dom_fa89b532._.js:959:74)
    at performUnitOfWork (http://localhost:3000/_next/static/chunks/e07b3_next_dist_compiled_react-dom_fa89b532._.js:9556:97)
    at workLoopSync (http://localhost:3000/_next/static/chunks/e07b3_next_dist_compiled_react-dom_fa89b532._.js:9450:40)
    at renderRootSync (http://localhost:3000/_next/static/chunks/e07b3_next_dist_compiled_react-dom_fa89b532._.js:9434:13)
    at performWorkOnRoot (http://localhost:3000/_next/static/chunks/e07b3_next_dist_compiled_react-dom_fa89b532._.js:9062:186)
    at performSyncWorkOnRoot (http://localhost:3000/_next/static/chunks/e07b3_next_dist_compiled_react-dom_fa89b532._.js:10232:9)
    at flushSyncWorkAcrossRoots_impl (http://localhost:3000/_next/static/chunks/e07b3_next_dist_compiled_react-dom_fa89b532._.js:10148:316)
    at flushSyncWork$1 (http://localhost:3000/_next/static/chunks/e07b3_next_dist_compiled_react-dom_fa89b532._.js:9231:86)
    at Object.scheduleRefresh (http://localhost:3000/_next/static/chunks/e07b3_next_dist_compiled_react-dom_fa89b532._.js:294:13)
    at http://localhost:3000/_next/static/chunks/e07b3_next_dist_compiled_4279a0a3._.js:391:33
    at Set.forEach (<anonymous>)
    at Object.performReactRefresh (http://localhost:3000/_next/static/chunks/e07b3_next_dist_compiled_4279a0a3._.js:384:38)
    at applyUpdate (http://localhost:3000/_next/static/chunks/e07b3_next_dist_compiled_4279a0a3._.js:878:31)
    at http://localhost:3000/_next/static/chunks/e07b3_next_dist_compiled_4279a0a3._.js:886:13 @ http://localhost:3000/_next/static/chunks/e07b3_next_dist_c486d14f._.js:3117
[  218623ms] [ERROR] IntlError: MISSING_MESSAGE: Could not resolve `HomeHotSellingProduct.reviews` in messages for locale `en-us`.
    at getFallbackFromErrorAndNotify (http://localhost:3000/_next/static/chunks/node_modules__pnpm_e49bb73e._.js:5733:23)
    at translateBaseFn (http://localhost:3000/_next/static/chunks/node_modules__pnpm_e49bb73e._.js:5763:28)
    at translateFn (http://localhost:3000/_next/static/chunks/node_modules__pnpm_e49bb73e._.js:5825:24)
    at eval (http://localhost:3000/_next/static/chunks/_283d8b48._.js?id=%255Bproject%255D%252Fwidgets%252FHomeHotSellingProduct%252Findex.tsx+%255Bapp-client%255D+%2528ecmascript%2529:353:61)
    at Array.map (<anonymous>)
    at HomeHotSellingProduct (http://localhost:3000/_next/static/chunks/_283d8b48._.js?id=%255Bproject%255D%252Fwidgets%252FHomeHotSellingProduct%252Findex.tsx+%255Bapp-client%255D+%2528ecmascript%2529:242:44)
    at Object.react_stack_bottom_frame (http://localhost:3000/_next/static/chunks/e07b3_next_dist_compiled_react-dom_fa89b532._.js:14816:24)
    at renderWithHooks (http://localhost:3000/_next/static/chunks/e07b3_next_dist_compiled_react-dom_fa89b532._.js:4645:24)
    at updateFunctionComponent (http://localhost:3000/_next/static/chunks/e07b3_next_dist_compiled_react-dom_fa89b532._.js:6106:21)
    at beginWork (http://localhost:3000/_next/static/chunks/e07b3_next_dist_compiled_react-dom_fa89b532._.js:6702:24)
    at runWithFiberInDEV (http://localhost:3000/_next/static/chunks/e07b3_next_dist_compiled_react-dom_fa89b532._.js:959:74)
    at performUnitOfWork (http://localhost:3000/_next/static/chunks/e07b3_next_dist_compiled_react-dom_fa89b532._.js:9556:97)
    at workLoopSync (http://localhost:3000/_next/static/chunks/e07b3_next_dist_compiled_react-dom_fa89b532._.js:9450:40)
    at renderRootSync (http://localhost:3000/_next/static/chunks/e07b3_next_dist_compiled_react-dom_fa89b532._.js:9434:13)
    at performWorkOnRoot (http://localhost:3000/_next/static/chunks/e07b3_next_dist_compiled_react-dom_fa89b532._.js:9062:186)
    at performSyncWorkOnRoot (http://localhost:3000/_next/static/chunks/e07b3_next_dist_compiled_react-dom_fa89b532._.js:10232:9)
    at flushSyncWorkAcrossRoots_impl (http://localhost:3000/_next/static/chunks/e07b3_next_dist_compiled_react-dom_fa89b532._.js:10148:316)
    at flushSyncWork$1 (http://localhost:3000/_next/static/chunks/e07b3_next_dist_compiled_react-dom_fa89b532._.js:9231:86)
    at Object.scheduleRefresh (http://localhost:3000/_next/static/chunks/e07b3_next_dist_compiled_react-dom_fa89b532._.js:294:13)
    at http://localhost:3000/_next/static/chunks/e07b3_next_dist_compiled_4279a0a3._.js:391:33
    at Set.forEach (<anonymous>)
    at Object.performReactRefresh (http://localhost:3000/_next/static/chunks/e07b3_next_dist_compiled_4279a0a3._.js:384:38)
    at applyUpdate (http://localhost:3000/_next/static/chunks/e07b3_next_dist_compiled_4279a0a3._.js:878:31)
    at http://localhost:3000/_next/static/chunks/e07b3_next_dist_compiled_4279a0a3._.js:886:13 @ http://localhost:3000/_next/static/chunks/e07b3_next_dist_c486d14f._.js:3117
[  218623ms] [ERROR] IntlError: MISSING_MESSAGE: Could not resolve `HomeHotSellingProduct.reviews` in messages for locale `en-us`.
    at getFallbackFromErrorAndNotify (http://localhost:3000/_next/static/chunks/node_modules__pnpm_e49bb73e._.js:5733:23)
    at translateBaseFn (http://localhost:3000/_next/static/chunks/node_modules__pnpm_e49bb73e._.js:5763:28)
    at translateFn (http://localhost:3000/_next/static/chunks/node_modules__pnpm_e49bb73e._.js:5825:24)
    at eval (http://localhost:3000/_next/static/chunks/_283d8b48._.js?id=%255Bproject%255D%252Fwidgets%252FHomeHotSellingProduct%252Findex.tsx+%255Bapp-client%255D+%2528ecmascript%2529:353:61)
    at Array.map (<anonymous>)
    at HomeHotSellingProduct (http://localhost:3000/_next/static/chunks/_283d8b48._.js?id=%255Bproject%255D%252Fwidgets%252FHomeHotSellingProduct%252Findex.tsx+%255Bapp-client%255D+%2528ecmascript%2529:242:44)
    at Object.react_stack_bottom_frame (http://localhost:3000/_next/static/chunks/e07b3_next_dist_compiled_react-dom_fa89b532._.js:14816:24)
    at renderWithHooks (http://localhost:3000/_next/static/chunks/e07b3_next_dist_compiled_react-dom_fa89b532._.js:4645:24)
    at updateFunctionComponent (http://localhost:3000/_next/static/chunks/e07b3_next_dist_compiled_react-dom_fa89b532._.js:6106:21)
    at beginWork (http://localhost:3000/_next/static/chunks/e07b3_next_dist_compiled_react-dom_fa89b532._.js:6702:24)
    at runWithFiberInDEV (http://localhost:3000/_next/static/chunks/e07b3_next_dist_compiled_react-dom_fa89b532._.js:959:74)
    at performUnitOfWork (http://localhost:3000/_next/static/chunks/e07b3_next_dist_compiled_react-dom_fa89b532._.js:9556:97)
    at workLoopSync (http://localhost:3000/_next/static/chunks/e07b3_next_dist_compiled_react-dom_fa89b532._.js:9450:40)
    at renderRootSync (http://localhost:3000/_next/static/chunks/e07b3_next_dist_compiled_react-dom_fa89b532._.js:9434:13)
    at performWorkOnRoot (http://localhost:3000/_next/static/chunks/e07b3_next_dist_compiled_react-dom_fa89b532._.js:9062:186)
    at performSyncWorkOnRoot (http://localhost:3000/_next/static/chunks/e07b3_next_dist_compiled_react-dom_fa89b532._.js:10232:9)
    at flushSyncWorkAcrossRoots_impl (http://localhost:3000/_next/static/chunks/e07b3_next_dist_compiled_react-dom_fa89b532._.js:10148:316)
    at flushSyncWork$1 (http://localhost:3000/_next/static/chunks/e07b3_next_dist_compiled_react-dom_fa89b532._.js:9231:86)
    at Object.scheduleRefresh (http://localhost:3000/_next/static/chunks/e07b3_next_dist_compiled_react-dom_fa89b532._.js:294:13)
    at http://localhost:3000/_next/static/chunks/e07b3_next_dist_compiled_4279a0a3._.js:391:33
    at Set.forEach (<anonymous>)
    at Object.performReactRefresh (http://localhost:3000/_next/static/chunks/e07b3_next_dist_compiled_4279a0a3._.js:384:38)
    at applyUpdate (http://localhost:3000/_next/static/chunks/e07b3_next_dist_compiled_4279a0a3._.js:878:31)
    at http://localhost:3000/_next/static/chunks/e07b3_next_dist_compiled_4279a0a3._.js:886:13 @ http://localhost:3000/_next/static/chunks/e07b3_next_dist_c486d14f._.js:3117
[  218624ms] [ERROR] IntlError: MISSING_MESSAGE: Could not resolve `HomeHotSellingProduct.reviews` in messages for locale `en-us`.
    at getFallbackFromErrorAndNotify (http://localhost:3000/_next/static/chunks/node_modules__pnpm_e49bb73e._.js:5733:23)
    at translateBaseFn (http://localhost:3000/_next/static/chunks/node_modules__pnpm_e49bb73e._.js:5763:28)
    at translateFn (http://localhost:3000/_next/static/chunks/node_modules__pnpm_e49bb73e._.js:5825:24)
    at eval (http://localhost:3000/_next/static/chunks/_283d8b48._.js?id=%255Bproject%255D%252Fwidgets%252FHomeHotSellingProduct%252Findex.tsx+%255Bapp-client%255D+%2528ecmascript%2529:353:61)
    at Array.map (<anonymous>)
    at HomeHotSellingProduct (http://localhost:3000/_next/static/chunks/_283d8b48._.js?id=%255Bproject%255D%252Fwidgets%252FHomeHotSellingProduct%252Findex.tsx+%255Bapp-client%255D+%2528ecmascript%2529:242:44)
    at Object.react_stack_bottom_frame (http://localhost:3000/_next/static/chunks/e07b3_next_dist_compiled_react-dom_fa89b532._.js:14816:24)
    at renderWithHooks (http://localhost:3000/_next/static/chunks/e07b3_next_dist_compiled_react-dom_fa89b532._.js:4645:24)
    at updateFunctionComponent (http://localhost:3000/_next/static/chunks/e07b3_next_dist_compiled_react-dom_fa89b532._.js:6106:21)
    at beginWork (http://localhost:3000/_next/static/chunks/e07b3_next_dist_compiled_react-dom_fa89b532._.js:6702:24)
    at runWithFiberInDEV (http://localhost:3000/_next/static/chunks/e07b3_next_dist_compiled_react-dom_fa89b532._.js:959:74)
    at performUnitOfWork (http://localhost:3000/_next/static/chunks/e07b3_next_dist_compiled_react-dom_fa89b532._.js:9556:97)
    at workLoopSync (http://localhost:3000/_next/static/chunks/e07b3_next_dist_compiled_react-dom_fa89b532._.js:9450:40)
    at renderRootSync (http://localhost:3000/_next/static/chunks/e07b3_next_dist_compiled_react-dom_fa89b532._.js:9434:13)
    at performWorkOnRoot (http://localhost:3000/_next/static/chunks/e07b3_next_dist_compiled_react-dom_fa89b532._.js:9062:186)
    at performSyncWorkOnRoot (http://localhost:3000/_next/static/chunks/e07b3_next_dist_compiled_react-dom_fa89b532._.js:10232:9)
    at flushSyncWorkAcrossRoots_impl (http://localhost:3000/_next/static/chunks/e07b3_next_dist_compiled_react-dom_fa89b532._.js:10148:316)
    at flushSyncWork$1 (http://localhost:3000/_next/static/chunks/e07b3_next_dist_compiled_react-dom_fa89b532._.js:9231:86)
    at Object.scheduleRefresh (http://localhost:3000/_next/static/chunks/e07b3_next_dist_compiled_react-dom_fa89b532._.js:294:13)
    at http://localhost:3000/_next/static/chunks/e07b3_next_dist_compiled_4279a0a3._.js:391:33
    at Set.forEach (<anonymous>)
    at Object.performReactRefresh (http://localhost:3000/_next/static/chunks/e07b3_next_dist_compiled_4279a0a3._.js:384:38)
    at applyUpdate (http://localhost:3000/_next/static/chunks/e07b3_next_dist_compiled_4279a0a3._.js:878:31)
    at http://localhost:3000/_next/static/chunks/e07b3_next_dist_compiled_4279a0a3._.js:886:13 @ http://localhost:3000/_next/static/chunks/e07b3_next_dist_c486d14f._.js:3117
[  218624ms] [ERROR] IntlError: MISSING_MESSAGE: Could not resolve `HomeHotSellingProduct.reviews` in messages for locale `en-us`.
    at getFallbackFromErrorAndNotify (http://localhost:3000/_next/static/chunks/node_modules__pnpm_e49bb73e._.js:5733:23)
    at translateBaseFn (http://localhost:3000/_next/static/chunks/node_modules__pnpm_e49bb73e._.js:5763:28)
    at translateFn (http://localhost:3000/_next/static/chunks/node_modules__pnpm_e49bb73e._.js:5825:24)
    at eval (http://localhost:3000/_next/static/chunks/_283d8b48._.js?id=%255Bproject%255D%252Fwidgets%252FHomeHotSellingProduct%252Findex.tsx+%255Bapp-client%255D+%2528ecmascript%2529:353:61)
    at Array.map (<anonymous>)
    at HomeHotSellingProduct (http://localhost:3000/_next/static/chunks/_283d8b48._.js?id=%255Bproject%255D%252Fwidgets%252FHomeHotSellingProduct%252Findex.tsx+%255Bapp-client%255D+%2528ecmascript%2529:242:44)
    at Object.react_stack_bottom_frame (http://localhost:3000/_next/static/chunks/e07b3_next_dist_compiled_react-dom_fa89b532._.js:14816:24)
    at renderWithHooksAgain (http://localhost:3000/_next/static/chunks/e07b3_next_dist_compiled_react-dom_fa89b532._.js:4700:24)
    at renderWithHooks (http://localhost:3000/_next/static/chunks/e07b3_next_dist_compiled_react-dom_fa89b532._.js:4651:28)
    at updateFunctionComponent (http://localhost:3000/_next/static/chunks/e07b3_next_dist_compiled_react-dom_fa89b532._.js:6106:21)
    at beginWork (http://localhost:3000/_next/static/chunks/e07b3_next_dist_compiled_react-dom_fa89b532._.js:6702:24)
    at runWithFiberInDEV (http://localhost:3000/_next/static/chunks/e07b3_next_dist_compiled_react-dom_fa89b532._.js:959:74)
    at performUnitOfWork (http://localhost:3000/_next/static/chunks/e07b3_next_dist_compiled_react-dom_fa89b532._.js:9556:97)
    at workLoopSync (http://localhost:3000/_next/static/chunks/e07b3_next_dist_compiled_react-dom_fa89b532._.js:9450:40)
    at renderRootSync (http://localhost:3000/_next/static/chunks/e07b3_next_dist_compiled_react-dom_fa89b532._.js:9434:13)
    at performWorkOnRoot (http://localhost:3000/_next/static/chunks/e07b3_next_dist_compiled_react-dom_fa89b532._.js:9062:186)
    at performSyncWorkOnRoot (http://localhost:3000/_next/static/chunks/e07b3_next_dist_compiled_react-dom_fa89b532._.js:10232:9)
    at flushSyncWorkAcrossRoots_impl (http://localhost:3000/_next/static/chunks/e07b3_next_dist_compiled_react-dom_fa89b532._.js:10148:316)
    at flushSyncWork$1 (http://localhost:3000/_next/static/chunks/e07b3_next_dist_compiled_react-dom_fa89b532._.js:9231:86)
    at Object.scheduleRefresh (http://localhost:3000/_next/static/chunks/e07b3_next_dist_compiled_react-dom_fa89b532._.js:294:13)
    at http://localhost:3000/_next/static/chunks/e07b3_next_dist_compiled_4279a0a3._.js:391:33
    at Set.forEach (<anonymous>)
    at Object.performReactRefresh (http://localhost:3000/_next/static/chunks/e07b3_next_dist_compiled_4279a0a3._.js:384:38)
    at applyUpdate (http://localhost:3000/_next/static/chunks/e07b3_next_dist_compiled_4279a0a3._.js:878:31)
    at http://localhost:3000/_next/static/chunks/e07b3_next_dist_compiled_4279a0a3._.js:886:13 @ http://localhost:3000/_next/static/chunks/e07b3_next_dist_c486d14f._.js:3117
[  218624ms] [ERROR] IntlError: MISSING_MESSAGE: Could not resolve `HomeHotSellingProduct.reviews` in messages for locale `en-us`.
    at getFallbackFromErrorAndNotify (http://localhost:3000/_next/static/chunks/node_modules__pnpm_e49bb73e._.js:5733:23)
    at translateBaseFn (http://localhost:3000/_next/static/chunks/node_modules__pnpm_e49bb73e._.js:5763:28)
    at translateFn (http://localhost:3000/_next/static/chunks/node_modules__pnpm_e49bb73e._.js:5825:24)
    at eval (http://localhost:3000/_next/static/chunks/_283d8b48._.js?id=%255Bproject%255D%252Fwidgets%252FHomeHotSellingProduct%252Findex.tsx+%255Bapp-client%255D+%2528ecmascript%2529:353:61)
    at Array.map (<anonymous>)
    at HomeHotSellingProduct (http://localhost:3000/_next/static/chunks/_283d8b48._.js?id=%255Bproject%255D%252Fwidgets%252FHomeHotSellingProduct%252Findex.tsx+%255Bapp-client%255D+%2528ecmascript%2529:242:44)
    at Object.react_stack_bottom_frame (http://localhost:3000/_next/static/chunks/e07b3_next_dist_compiled_react-dom_fa89b532._.js:14816:24)
    at renderWithHooksAgain (http://localhost:3000/_next/static/chunks/e07b3_next_dist_compiled_react-dom_fa89b532._.js:4700:24)
    at renderWithHooks (http://localhost:3000/_next/static/chunks/e07b3_next_dist_compiled_react-dom_fa89b532._.js:4651:28)
    at updateFunctionComponent (http://localhost:3000/_next/static/chunks/e07b3_next_dist_compiled_react-dom_fa89b532._.js:6106:21)
    at beginWork (http://localhost:3000/_next/static/chunks/e07b3_next_dist_compiled_react-dom_fa89b532._.js:6702:24)
    at runWithFiberInDEV (http://localhost:3000/_next/static/chunks/e07b3_next_dist_compiled_react-dom_fa89b532._.js:959:74)
    at performUnitOfWork (http://localhost:3000/_next/static/chunks/e07b3_next_dist_compiled_react-dom_fa89b532._.js:9556:97)
    at workLoopSync (http://localhost:3000/_next/static/chunks/e07b3_next_dist_compiled_react-dom_fa89b532._.js:9450:40)
    at renderRootSync (http://localhost:3000/_next/static/chunks/e07b3_next_dist_compiled_react-dom_fa89b532._.js:9434:13)
    at performWorkOnRoot (http://localhost:3000/_next/static/chunks/e07b3_next_dist_compiled_react-dom_fa89b532._.js:9062:186)
    at performSyncWorkOnRoot (http://localhost:3000/_next/static/chunks/e07b3_next_dist_compiled_react-dom_fa89b532._.js:10232:9)
    at flushSyncWorkAcrossRoots_impl (http://localhost:3000/_next/static/chunks/e07b3_next_dist_compiled_react-dom_fa89b532._.js:10148:316)
    at flushSyncWork$1 (http://localhost:3000/_next/static/chunks/e07b3_next_dist_compiled_react-dom_fa89b532._.js:9231:86)
    at Object.scheduleRefresh (http://localhost:3000/_next/static/chunks/e07b3_next_dist_compiled_react-dom_fa89b532._.js:294:13)
    at http://localhost:3000/_next/static/chunks/e07b3_next_dist_compiled_4279a0a3._.js:391:33
    at Set.forEach (<anonymous>)
    at Object.performReactRefresh (http://localhost:3000/_next/static/chunks/e07b3_next_dist_compiled_4279a0a3._.js:384:38)
    at applyUpdate (http://localhost:3000/_next/static/chunks/e07b3_next_dist_compiled_4279a0a3._.js:878:31)
    at http://localhost:3000/_next/static/chunks/e07b3_next_dist_compiled_4279a0a3._.js:886:13 @ http://localhost:3000/_next/static/chunks/e07b3_next_dist_c486d14f._.js:3117
[  218624ms] [ERROR] IntlError: MISSING_MESSAGE: Could not resolve `HomeHotSellingProduct.reviews` in messages for locale `en-us`.
    at getFallbackFromErrorAndNotify (http://localhost:3000/_next/static/chunks/node_modules__pnpm_e49bb73e._.js:5733:23)
    at translateBaseFn (http://localhost:3000/_next/static/chunks/node_modules__pnpm_e49bb73e._.js:5763:28)
    at translateFn (http://localhost:3000/_next/static/chunks/node_modules__pnpm_e49bb73e._.js:5825:24)
    at eval (http://localhost:3000/_next/static/chunks/_283d8b48._.js?id=%255Bproject%255D%252Fwidgets%252FHomeHotSellingProduct%252Findex.tsx+%255Bapp-client%255D+%2528ecmascript%2529:353:61)
    at Array.map (<anonymous>)
    at HomeHotSellingProduct (http://localhost:3000/_next/static/chunks/_283d8b48._.js?id=%255Bproject%255D%252Fwidgets%252FHomeHotSellingProduct%252Findex.tsx+%255Bapp-client%255D+%2528ecmascript%2529:242:44)
    at Object.react_stack_bottom_frame (http://localhost:3000/_next/static/chunks/e07b3_next_dist_compiled_react-dom_fa89b532._.js:14816:24)
    at renderWithHooksAgain (http://localhost:3000/_next/static/chunks/e07b3_next_dist_compiled_react-dom_fa89b532._.js:4700:24)
    at renderWithHooks (http://localhost:3000/_next/static/chunks/e07b3_next_dist_compiled_react-dom_fa89b532._.js:4651:28)
    at updateFunctionComponent (http://localhost:3000/_next/static/chunks/e07b3_next_dist_compiled_react-dom_fa89b532._.js:6106:21)
    at beginWork (http://localhost:3000/_next/static/chunks/e07b3_next_dist_compiled_react-dom_fa89b532._.js:6702:24)
    at runWithFiberInDEV (http://localhost:3000/_next/static/chunks/e07b3_next_dist_compiled_react-dom_fa89b532._.js:959:74)
    at performUnitOfWork (http://localhost:3000/_next/static/chunks/e07b3_next_dist_compiled_react-dom_fa89b532._.js:9556:97)
    at workLoopSync (http://localhost:3000/_next/static/chunks/e07b3_next_dist_compiled_react-dom_fa89b532._.js:9450:40)
    at renderRootSync (http://localhost:3000/_next/static/chunks/e07b3_next_dist_compiled_react-dom_fa89b532._.js:9434:13)
    at performWorkOnRoot (http://localhost:3000/_next/static/chunks/e07b3_next_dist_compiled_react-dom_fa89b532._.js:9062:186)
    at performSyncWorkOnRoot (http://localhost:3000/_next/static/chunks/e07b3_next_dist_compiled_react-dom_fa89b532._.js:10232:9)
    at flushSyncWorkAcrossRoots_impl (http://localhost:3000/_next/static/chunks/e07b3_next_dist_compiled_react-dom_fa89b532._.js:10148:316)
    at flushSyncWork$1 (http://localhost:3000/_next/static/chunks/e07b3_next_dist_compiled_react-dom_fa89b532._.js:9231:86)
    at Object.scheduleRefresh (http://localhost:3000/_next/static/chunks/e07b3_next_dist_compiled_react-dom_fa89b532._.js:294:13)
    at http://localhost:3000/_next/static/chunks/e07b3_next_dist_compiled_4279a0a3._.js:391:33
    at Set.forEach (<anonymous>)
    at Object.performReactRefresh (http://localhost:3000/_next/static/chunks/e07b3_next_dist_compiled_4279a0a3._.js:384:38)
    at applyUpdate (http://localhost:3000/_next/static/chunks/e07b3_next_dist_compiled_4279a0a3._.js:878:31)
    at http://localhost:3000/_next/static/chunks/e07b3_next_dist_compiled_4279a0a3._.js:886:13 @ http://localhost:3000/_next/static/chunks/e07b3_next_dist_c486d14f._.js:3117
[  218624ms] [ERROR] IntlError: MISSING_MESSAGE: Could not resolve `HomeHotSellingProduct.reviews` in messages for locale `en-us`.
    at getFallbackFromErrorAndNotify (http://localhost:3000/_next/static/chunks/node_modules__pnpm_e49bb73e._.js:5733:23)
    at translateBaseFn (http://localhost:3000/_next/static/chunks/node_modules__pnpm_e49bb73e._.js:5763:28)
    at translateFn (http://localhost:3000/_next/static/chunks/node_modules__pnpm_e49bb73e._.js:5825:24)
    at eval (http://localhost:3000/_next/static/chunks/_283d8b48._.js?id=%255Bproject%255D%252Fwidgets%252FHomeHotSellingProduct%252Findex.tsx+%255Bapp-client%255D+%2528ecmascript%2529:353:61)
    at Array.map (<anonymous>)
    at HomeHotSellingProduct (http://localhost:3000/_next/static/chunks/_283d8b48._.js?id=%255Bproject%255D%252Fwidgets%252FHomeHotSellingProduct%252Findex.tsx+%255Bapp-client%255D+%2528ecmascript%2529:242:44)
    at Object.react_stack_bottom_frame (http://localhost:3000/_next/static/chunks/e07b3_next_dist_compiled_react-dom_fa89b532._.js:14816:24)
    at renderWithHooksAgain (http://localhost:3000/_next/static/chunks/e07b3_next_dist_compiled_react-dom_fa89b532._.js:4700:24)
    at renderWithHooks (http://localhost:3000/_next/static/chunks/e07b3_next_dist_compiled_react-dom_fa89b532._.js:4651:28)
    at updateFunctionComponent (http://localhost:3000/_next/static/chunks/e07b3_next_dist_compiled_react-dom_fa89b532._.js:6106:21)
    at beginWork (http://localhost:3000/_next/static/chunks/e07b3_next_dist_compiled_react-dom_fa89b532._.js:6702:24)
    at runWithFiberInDEV (http://localhost:3000/_next/static/chunks/e07b3_next_dist_compiled_react-dom_fa89b532._.js:959:74)
    at performUnitOfWork (http://localhost:3000/_next/static/chunks/e07b3_next_dist_compiled_react-dom_fa89b532._.js:9556:97)
    at workLoopSync (http://localhost:3000/_next/static/chunks/e07b3_next_dist_compiled_react-dom_fa89b532._.js:9450:40)
    at renderRootSync (http://localhost:3000/_next/static/chunks/e07b3_next_dist_compiled_react-dom_fa89b532._.js:9434:13)
    at performWorkOnRoot (http://localhost:3000/_next/static/chunks/e07b3_next_dist_compiled_react-dom_fa89b532._.js:9062:186)
    at performSyncWorkOnRoot (http://localhost:3000/_next/static/chunks/e07b3_next_dist_compiled_react-dom_fa89b532._.js:10232:9)
    at flushSyncWorkAcrossRoots_impl (http://localhost:3000/_next/static/chunks/e07b3_next_dist_compiled_react-dom_fa89b532._.js:10148:316)
    at flushSyncWork$1 (http://localhost:3000/_next/static/chunks/e07b3_next_dist_compiled_react-dom_fa89b532._.js:9231:86)
    at Object.scheduleRefresh (http://localhost:3000/_next/static/chunks/e07b3_next_dist_compiled_react-dom_fa89b532._.js:294:13)
    at http://localhost:3000/_next/static/chunks/e07b3_next_dist_compiled_4279a0a3._.js:391:33
    at Set.forEach (<anonymous>)
    at Object.performReactRefresh (http://localhost:3000/_next/static/chunks/e07b3_next_dist_compiled_4279a0a3._.js:384:38)
    at applyUpdate (http://localhost:3000/_next/static/chunks/e07b3_next_dist_compiled_4279a0a3._.js:878:31)
    at http://localhost:3000/_next/static/chunks/e07b3_next_dist_compiled_4279a0a3._.js:886:13 @ http://localhost:3000/_next/static/chunks/e07b3_next_dist_c486d14f._.js:3117
[  384965ms] ReferenceError: renderStars is not defined
    at eval (http://localhost:3000/_next/static/chunks/_283d8b48._.js?id=%255Bproject%255D%252Fwidgets%252FHomeHotSellingProduct%252Findex.tsx+%255Bapp-client%255D+%2528ecmascript%2529:285:67)
    at Array.map (<anonymous>)
    at HomeHotSellingProduct (http://localhost:3000/_next/static/chunks/_283d8b48._.js?id=%255Bproject%255D%252Fwidgets%252FHomeHotSellingProduct%252Findex.tsx+%255Bapp-client%255D+%2528ecmascript%2529:194:44)
    at Object.react_stack_bottom_frame (http://localhost:3000/_next/static/chunks/e07b3_next_dist_compiled_react-dom_fa89b532._.js:14816:24)
    at renderWithHooks (http://localhost:3000/_next/static/chunks/e07b3_next_dist_compiled_react-dom_fa89b532._.js:4645:24)
    at updateFunctionComponent (http://localhost:3000/_next/static/chunks/e07b3_next_dist_compiled_react-dom_fa89b532._.js:6106:21)
    at beginWork (http://localhost:3000/_next/static/chunks/e07b3_next_dist_compiled_react-dom_fa89b532._.js:6702:24)
    at runWithFiberInDEV (http://localhost:3000/_next/static/chunks/e07b3_next_dist_compiled_react-dom_fa89b532._.js:959:74)
    at performUnitOfWork (http://localhost:3000/_next/static/chunks/e07b3_next_dist_compiled_react-dom_fa89b532._.js:9556:97)
    at workLoopSync (http://localhost:3000/_next/static/chunks/e07b3_next_dist_compiled_react-dom_fa89b532._.js:9450:40)
    at renderRootSync (http://localhost:3000/_next/static/chunks/e07b3_next_dist_compiled_react-dom_fa89b532._.js:9434:13)
    at performWorkOnRoot (http://localhost:3000/_next/static/chunks/e07b3_next_dist_compiled_react-dom_fa89b532._.js:9099:47)
    at performSyncWorkOnRoot (http://localhost:3000/_next/static/chunks/e07b3_next_dist_compiled_react-dom_fa89b532._.js:10232:9)
    at flushSyncWorkAcrossRoots_impl (http://localhost:3000/_next/static/chunks/e07b3_next_dist_compiled_react-dom_fa89b532._.js:10148:316)
    at flushSyncWork$1 (http://localhost:3000/_next/static/chunks/e07b3_next_dist_compiled_react-dom_fa89b532._.js:9231:86)
    at Object.scheduleRefresh (http://localhost:3000/_next/static/chunks/e07b3_next_dist_compiled_react-dom_fa89b532._.js:294:13)
    at http://localhost:3000/_next/static/chunks/e07b3_next_dist_compiled_4279a0a3._.js:391:33
    at Set.forEach (<anonymous>)
    at Object.performReactRefresh (http://localhost:3000/_next/static/chunks/e07b3_next_dist_compiled_4279a0a3._.js:384:38)
    at applyUpdate (http://localhost:3000/_next/static/chunks/e07b3_next_dist_compiled_4279a0a3._.js:878:31)
    at http://localhost:3000/_next/static/chunks/e07b3_next_dist_compiled_4279a0a3._.js:886:13
[  392289ms] [WARNING] [Fast Refresh] performing full reload because your application had an unrecoverable error @ http://localhost:3000/_next/static/chunks/e07b3_next_dist_c486d14f._.js:2287
[  394263ms] [WARNING] Image with src "/images/logo/logo-zgar.png" was detected as the Largest Contentful Paint (LCP). Please add the `loading="eager"` property if this image is above the fold.
Read more: https://nextjs.org/docs/app/api-reference/components/image#loading @ http://localhost:3000/_next/static/chunks/e07b3_next_dist_c486d14f._.js:2287
[  394513ms] [WARNING] Image with src "http://localhost:3000/images/logo/logo-zgar.png" has either width or height modified, but not the other. If you use CSS to change the size of your image, also include the styles 'width: "auto"' or 'height: "auto"' to maintain the aspect ratio. @ http://localhost:3000/_next/static/chunks/e07b3_next_dist_c486d14f._.js:2287
[  399944ms] [WARNING] Image with src "/images/slider/zgar/1.jpg" was detected as the Largest Contentful Paint (LCP). Please add the `loading="eager"` property if this image is above the fold.
Read more: https://nextjs.org/docs/app/api-reference/components/image#loading @ http://localhost:3000/_next/static/chunks/e07b3_next_dist_c486d14f._.js:2287
[ 1579383ms] [ERROR] WebSocket connection to 'ws://localhost:3000/_next/webpack-hmr?id=tkKsNU9XhzCGVwQIe_e01' failed: Error in connection establishment: net::ERR_CONNECTION_REFUSED @ http://localhost:3000/_next/static/chunks/e07b3_next_dist_client_781741e4._.js:10116
[ 1580387ms] [ERROR] WebSocket connection to 'ws://localhost:3000/_next/webpack-hmr?id=tkKsNU9XhzCGVwQIe_e01' failed: Error in connection establishment: net::ERR_CONNECTION_REFUSED @ http://localhost:3000/_next/static/chunks/e07b3_next_dist_client_781741e4._.js:10116
[ 1581395ms] [ERROR] WebSocket connection to 'ws://localhost:3000/_next/webpack-hmr?id=tkKsNU9XhzCGVwQIe_e01' failed: Error in connection establishment: net::ERR_CONNECTION_REFUSED @ http://localhost:3000/_next/static/chunks/e07b3_next_dist_client_781741e4._.js:10116
[ 1582403ms] [ERROR] WebSocket connection to 'ws://localhost:3000/_next/webpack-hmr?id=tkKsNU9XhzCGVwQIe_e01' failed: Error in connection establishment: net::ERR_CONNECTION_REFUSED @ http://localhost:3000/_next/static/chunks/e07b3_next_dist_client_781741e4._.js:10116
[ 1583414ms] [ERROR] WebSocket connection to 'ws://localhost:3000/_next/webpack-hmr?id=tkKsNU9XhzCGVwQIe_e01' failed: Error in connection establishment: net::ERR_CONNECTION_REFUSED @ http://localhost:3000/_next/static/chunks/e07b3_next_dist_client_781741e4._.js:10116
[ 1588421ms] [ERROR] WebSocket connection to 'ws://localhost:3000/_next/webpack-hmr?id=tkKsNU9XhzCGVwQIe_e01' failed: Error in connection establishment: net::ERR_CONNECTION_REFUSED @ http://localhost:3000/_next/static/chunks/e07b3_next_dist_client_781741e4._.js:10116
[ 1593437ms] [ERROR] WebSocket connection to 'ws://localhost:3000/_next/webpack-hmr?id=tkKsNU9XhzCGVwQIe_e01' failed: Error in connection establishment: net::ERR_CONNECTION_REFUSED @ http://localhost:3000/_next/static/chunks/e07b3_next_dist_client_781741e4._.js:10116
[ 1598459ms] [ERROR] WebSocket connection to 'ws://localhost:3000/_next/webpack-hmr?id=tkKsNU9XhzCGVwQIe_e01' failed: Error in connection establishment: net::ERR_CONNECTION_REFUSED @ http://localhost:3000/_next/static/chunks/e07b3_next_dist_client_781741e4._.js:10116
[ 1603488ms] [ERROR] WebSocket connection to 'ws://localhost:3000/_next/webpack-hmr?id=tkKsNU9XhzCGVwQIe_e01' failed: Error in connection establishment: net::ERR_CONNECTION_REFUSED @ http://localhost:3000/_next/static/chunks/e07b3_next_dist_client_781741e4._.js:10116
[ 1608554ms] [ERROR] WebSocket connection to 'ws://localhost:3000/_next/webpack-hmr?id=tkKsNU9XhzCGVwQIe_e01' failed: Error in connection establishment: net::ERR_CONNECTION_REFUSED @ http://localhost:3000/_next/static/chunks/e07b3_next_dist_client_781741e4._.js:10116
[ 1613664ms] [ERROR] WebSocket connection to 'ws://localhost:3000/_next/webpack-hmr?id=tkKsNU9XhzCGVwQIe_e01' failed: Error in connection establishment: net::ERR_CONNECTION_REFUSED @ http://localhost:3000/_next/static/chunks/e07b3_next_dist_client_781741e4._.js:10116
