[     913ms] [WARNING] Image with src "/images/logo/logo-zgar.png" was detected as the Largest Contentful Paint (LCP). Please add the `loading="eager"` property if this image is above the fold.
Read more: https://nextjs.org/docs/app/api-reference/components/image#loading @ http://localhost:3000/_next/static/chunks/e07b3_next_dist_c486d14f._.js:2287
[    1044ms] [WARNING] Image with src "http://localhost:3000/images/logo/logo-zgar.png" has either width or height modified, but not the other. If you use CSS to change the size of your image, also include the styles 'width: "auto"' or 'height: "auto"' to maintain the aspect ratio. @ http://localhost:3000/_next/static/chunks/e07b3_next_dist_c486d14f._.js:2287
[    1168ms] [WARNING] [dotlottie-web] Persistent buffer size mismatch detected. Expected 0 bytes for canvas 0x0, but got 180000 bytes. This may indicate a WASM memory allocation issue or invalid canvas dimensions. @ http://localhost:3000/_next/static/chunks/e07b3_next_dist_c486d14f._.js:2287
[    7067ms] [WARNING] Image with src "/images/slider/zgar/1.jpg" was detected as the Largest Contentful Paint (LCP). Please add the `loading="eager"` property if this image is above the fold.
Read more: https://nextjs.org/docs/app/api-reference/components/image#loading @ http://localhost:3000/_next/static/chunks/e07b3_next_dist_c486d14f._.js:2287
[  389902ms] [WARNING] Image with src "/images/logo/logo-zgar.png" was detected as the Largest Contentful Paint (LCP). Please add the `loading="eager"` property if this image is above the fold.
Read more: https://nextjs.org/docs/app/api-reference/components/image#loading @ http://localhost:3000/_next/static/chunks/e07b3_next_dist_c486d14f._.js:2287
[  390022ms] [WARNING] Image with src "http://localhost:3000/images/logo/logo-zgar.png" has either width or height modified, but not the other. If you use CSS to change the size of your image, also include the styles 'width: "auto"' or 'height: "auto"' to maintain the aspect ratio. @ http://localhost:3000/_next/static/chunks/e07b3_next_dist_c486d14f._.js:2287
[  396060ms] [WARNING] Image with src "/images/slider/zgar/1.jpg" was detected as the Largest Contentful Paint (LCP). Please add the `loading="eager"` property if this image is above the fold.
Read more: https://nextjs.org/docs/app/api-reference/components/image#loading @ http://localhost:3000/_next/static/chunks/e07b3_next_dist_c486d14f._.js:2287
[  658353ms] [WARNING] Image with src "/images/logo/logo-zgar.png" was detected as the Largest Contentful Paint (LCP). Please add the `loading="eager"` property if this image is above the fold.
Read more: https://nextjs.org/docs/app/api-reference/components/image#loading @ http://localhost:3000/_next/static/chunks/e07b3_next_dist_c486d14f._.js:2287
[  658407ms] [WARNING] Image with src "http://localhost:3000/images/logo/logo-zgar.png" has either width or height modified, but not the other. If you use CSS to change the size of your image, also include the styles 'width: "auto"' or 'height: "auto"' to maintain the aspect ratio. @ http://localhost:3000/_next/static/chunks/e07b3_next_dist_c486d14f._.js:2287
[  664460ms] [WARNING] Image with src "/images/slider/zgar/1.jpg" was detected as the Largest Contentful Paint (LCP). Please add the `loading="eager"` property if this image is above the fold.
Read more: https://nextjs.org/docs/app/api-reference/components/image#loading @ http://localhost:3000/_next/static/chunks/e07b3_next_dist_c486d14f._.js:2287
[ 1232908ms] [ERROR] WebSocket connection to 'ws://localhost:3000/_next/webpack-hmr?id=bc5HCAfskLu-j30ACXpZS' failed: Error in connection establishment: net::ERR_CONNECTION_REFUSED @ http://localhost:3000/_next/static/chunks/e07b3_next_dist_client_781741e4._.js:10116
[ 1233915ms] [ERROR] WebSocket connection to 'ws://localhost:3000/_next/webpack-hmr?id=bc5HCAfskLu-j30ACXpZS' failed: Error in connection establishment: net::ERR_CONNECTION_REFUSED @ http://localhost:3000/_next/static/chunks/e07b3_next_dist_client_781741e4._.js:10116
[ 1234926ms] [ERROR] WebSocket connection to 'ws://localhost:3000/_next/webpack-hmr?id=bc5HCAfskLu-j30ACXpZS' failed: Error in connection establishment: net::ERR_CONNECTION_REFUSED @ http://localhost:3000/_next/static/chunks/e07b3_next_dist_client_781741e4._.js:10116
[ 1235934ms] [ERROR] WebSocket connection to 'ws://localhost:3000/_next/webpack-hmr?id=bc5HCAfskLu-j30ACXpZS' failed: Error in connection establishment: net::ERR_CONNECTION_REFUSED @ http://localhost:3000/_next/static/chunks/e07b3_next_dist_client_781741e4._.js:10116
[ 1241607ms] [WARNING] Image with src "/images/logo/logo-zgar.png" was detected as the Largest Contentful Paint (LCP). Please add the `loading="eager"` property if this image is above the fold.
Read more: https://nextjs.org/docs/app/api-reference/components/image#loading @ http://localhost:3000/_next/static/chunks/e07b3_next_dist_c486d14f._.js:2287
[ 1241680ms] [WARNING] Image with src "http://localhost:3000/images/logo/logo-zgar.png" has either width or height modified, but not the other. If you use CSS to change the size of your image, also include the styles 'width: "auto"' or 'height: "auto"' to maintain the aspect ratio. @ http://localhost:3000/_next/static/chunks/e07b3_next_dist_c486d14f._.js:2287
[ 1247705ms] [WARNING] Image with src "/images/slider/zgar/1.jpg" was detected as the Largest Contentful Paint (LCP). Please add the `loading="eager"` property if this image is above the fold.
Read more: https://nextjs.org/docs/app/api-reference/components/image#loading @ http://localhost:3000/_next/static/chunks/e07b3_next_dist_c486d14f._.js:2287
