[    1001ms] [WARNING] Image with src "http://localhost:3000/images/logo/logo-zgar.png" has either width or height modified, but not the other. If you use CSS to change the size of your image, also include the styles 'width: "auto"' or 'height: "auto"' to maintain the aspect ratio. @ http://localhost:3000/_next/static/chunks/e07b3_next_dist_c486d14f._.js:2287
[   22806ms] [ERROR] ./messages/en-us.json
Code generation for chunk item errored
An error occurred while generating the chunk item [project]/messages/en-us.json (json)

Caused by:
- Unable to make a module from invalid JSON: trailing comma at line 154 column 3

Debug info:
- An error occurred while generating the chunk item [project]/messages/en-us.json (json)
- Execution of <JsonChunkItem as EcmascriptChunkItem>::content failed
- Unable to make a module from invalid JSON: trailing comma at line 154 column 3
    at Club.?
     150 |     "goToSlide": "Go to slide {number}",
     151 |     "memberBenefitsTitle": "Exclusive Member Benefits",
     152 |     "memberBenefitsDesc": "Join ZGAR Club to enjoy points rewards, exclusive offers, birthday benefits and more",
     153 |     "rewardsSectionTitle": "What can ZGAR Club rewards do for you?",
         |   v
     154 +   },
         |   ^
     155 |   "Partner": {
     156 |     "title": "Global Partners",
     157 |     "subtitle": "We establish strategic partnerships with top global enterprises to jointly develop the e-cigarette market and achieve win-win development",
     158 |     "statPartners": "Partners",

Import trace:
  Edge Middleware:
    ./messages/en-us.json
    ./i18n/request.ts
    ./node_modules/.pnpm/next-intl@4.6.1_next@16.0.8_react-dom@19.2.1_react@19.2.1__react@19.2.1_sass@1.92.1__react@19.2.1_typescript@5.9.2/node_modules/next-intl/dist/esm/development/server/react-server/getConfig.js
    ./node_modules/.pnpm/next-intl@4.6.1_next@16.0.8_react-dom@19.2.1_react@19.2.1__react@19.2.1_sass@1.92.1__react@19.2.1_typescript@5.9.2/node_modules/next-intl/dist/esm/development/navigation/react-server/getServerLocale.js
    ./node_modules/.pnpm/next-intl@4.6.1_next@16.0.8_react-dom@19.2.1_react@19.2.1__react@19.2.1_sass@1.92.1__react@19.2.1_typescript@5.9.2/node_modules/next-intl/dist/esm/development/navigation/react-server/createNavigation.js
    ./i18n/routing.ts
    ./middleware.ts @ http://localhost:3000/_next/static/chunks/e07b3_next_dist_c486d14f._.js:3117
[   29444ms] [ERROR] ./messages/en-us.json
Code generation for chunk item errored
An error occurred while generating the chunk item [project]/messages/en-us.json (json)

Caused by:
- Unable to make a module from invalid JSON: trailing comma at line 154 column 3

Debug info:
- An error occurred while generating the chunk item [project]/messages/en-us.json (json)
- Execution of <JsonChunkItem as EcmascriptChunkItem>::content failed
- Unable to make a module from invalid JSON: trailing comma at line 154 column 3
    at Club.?
     150 |     "goToSlide": "Go to slide {number}",
     151 |     "memberBenefitsTitle": "Exclusive Member Benefits",
     152 |     "memberBenefitsDesc": "Join ZGAR Club to enjoy points rewards, exclusive offers, birthday benefits and more",
     153 |     "rewardsSectionTitle": "What can ZGAR Club rewards do for you?",
         |   v
     154 +   },
         |   ^
     155 |   "Partner": {
     156 |     "title": "Global Partners",
     157 |     "subtitle": "We establish strategic partnerships with top global enterprises to jointly develop the e-cigarette market and achieve win-win development",
     158 |     "statPartners": "Partners",

Import trace:
  Edge Middleware:
    ./messages/en-us.json
    ./i18n/request.ts
    ./node_modules/.pnpm/next-intl@4.6.1_next@16.0.8_react-dom@19.2.1_react@19.2.1__react@19.2.1_sass@1.92.1__react@19.2.1_typescript@5.9.2/node_modules/next-intl/dist/esm/development/server/react-server/getConfig.js
    ./node_modules/.pnpm/next-intl@4.6.1_next@16.0.8_react-dom@19.2.1_react@19.2.1__react@19.2.1_sass@1.92.1__react@19.2.1_typescript@5.9.2/node_modules/next-intl/dist/esm/development/navigation/react-server/getServerLocale.js
    ./node_modules/.pnpm/next-intl@4.6.1_next@16.0.8_react-dom@19.2.1_react@19.2.1__react@19.2.1_sass@1.92.1__react@19.2.1_typescript@5.9.2/node_modules/next-intl/dist/esm/development/navigation/react-server/createNavigation.js
    ./i18n/routing.ts
    ./middleware.ts @ http://localhost:3000/_next/static/chunks/e07b3_next_dist_c486d14f._.js:3117
[   29444ms] [ERROR] ./messages/zh-hk.json
Code generation for chunk item errored
An error occurred while generating the chunk item [project]/messages/zh-hk.json (json)

Caused by:
- Unable to make a module from invalid JSON: trailing comma at line 154 column 3

Debug info:
- An error occurred while generating the chunk item [project]/messages/zh-hk.json (json)
- Execution of <JsonChunkItem as EcmascriptChunkItem>::content failed
- Unable to make a module from invalid JSON: trailing comma at line 154 column 3
    at Club.?
     150 |     "goToSlide": "切換到第 {number} 張",
     151 |     "memberBenefitsTitle": "會員專享權益",
     152 |     "memberBenefitsDesc": "加入ZGAR Club，享受積分獎勵、專屬優惠、生日福利等超多會員權益",
     153 |     "rewardsSectionTitle": "ZGAR Club 獎勵能為您做什麼？",
         |   v
     154 +   },
         |   ^
     155 |   "Partner": {
     156 |     "title": "全球合作夥伴",
     157 |     "subtitle": "我們與全球頂尖企業建立戰略合作關係，共同開拓電子煙市場，實現共贏發展",
     158 |     "statPartners": "合作夥伴",

Import trace:
  Edge Middleware:
    ./messages/zh-hk.json
    ./i18n/request.ts
    ./node_modules/.pnpm/next-intl@4.6.1_next@16.0.8_react-dom@19.2.1_react@19.2.1__react@19.2.1_sass@1.92.1__react@19.2.1_typescript@5.9.2/node_modules/next-intl/dist/esm/development/server/react-server/getConfig.js
    ./node_modules/.pnpm/next-intl@4.6.1_next@16.0.8_react-dom@19.2.1_react@19.2.1__react@19.2.1_sass@1.92.1__react@19.2.1_typescript@5.9.2/node_modules/next-intl/dist/esm/development/navigation/react-server/getServerLocale.js
    ./node_modules/.pnpm/next-intl@4.6.1_next@16.0.8_react-dom@19.2.1_react@19.2.1__react@19.2.1_sass@1.92.1__react@19.2.1_typescript@5.9.2/node_modules/next-intl/dist/esm/development/navigation/react-server/createNavigation.js
    ./i18n/routing.ts
    ./middleware.ts @ http://localhost:3000/_next/static/chunks/e07b3_next_dist_c486d14f._.js:3117
[   46022ms] [ERROR] ./messages/en-us.json
Code generation for chunk item errored
An error occurred while generating the chunk item [project]/messages/en-us.json (json)

Caused by:
- Unable to make a module from invalid JSON: trailing comma at line 154 column 3

Debug info:
- An error occurred while generating the chunk item [project]/messages/en-us.json (json)
- Execution of <JsonChunkItem as EcmascriptChunkItem>::content failed
- Unable to make a module from invalid JSON: trailing comma at line 154 column 3
    at Club.?
     150 |     "goToSlide": "Go to slide {number}",
     151 |     "memberBenefitsTitle": "Exclusive Member Benefits",
     152 |     "memberBenefitsDesc": "Join ZGAR Club to enjoy points rewards, exclusive offers, birthday benefits and more",
     153 |     "rewardsSectionTitle": "What can ZGAR Club rewards do for you?",
         |   v
     154 +   },
         |   ^
     155 |   "Partner": {
     156 |     "title": "Global Partners",
     157 |     "subtitle": "We establish strategic partnerships with top global enterprises to jointly develop the e-cigarette market and achieve win-win development",
     158 |     "statPartners": "Partners",

Import trace:
  Edge Middleware:
    ./messages/en-us.json
    ./i18n/request.ts
    ./node_modules/.pnpm/next-intl@4.6.1_next@16.0.8_react-dom@19.2.1_react@19.2.1__react@19.2.1_sass@1.92.1__react@19.2.1_typescript@5.9.2/node_modules/next-intl/dist/esm/development/server/react-server/getConfig.js
    ./node_modules/.pnpm/next-intl@4.6.1_next@16.0.8_react-dom@19.2.1_react@19.2.1__react@19.2.1_sass@1.92.1__react@19.2.1_typescript@5.9.2/node_modules/next-intl/dist/esm/development/navigation/react-server/getServerLocale.js
    ./node_modules/.pnpm/next-intl@4.6.1_next@16.0.8_react-dom@19.2.1_react@19.2.1__react@19.2.1_sass@1.92.1__react@19.2.1_typescript@5.9.2/node_modules/next-intl/dist/esm/development/navigation/react-server/createNavigation.js
    ./i18n/routing.ts
    ./middleware.ts @ http://localhost:3000/_next/static/chunks/e07b3_next_dist_c486d14f._.js:3117
[   46023ms] [ERROR] ./messages/zh-hk.json
Code generation for chunk item errored
An error occurred while generating the chunk item [project]/messages/zh-hk.json (json)

Caused by:
- Unable to make a module from invalid JSON: trailing comma at line 154 column 3

Debug info:
- An error occurred while generating the chunk item [project]/messages/zh-hk.json (json)
- Execution of <JsonChunkItem as EcmascriptChunkItem>::content failed
- Unable to make a module from invalid JSON: trailing comma at line 154 column 3
    at Club.?
     150 |     "goToSlide": "切換到第 {number} 張",
     151 |     "memberBenefitsTitle": "會員專享權益",
     152 |     "memberBenefitsDesc": "加入ZGAR Club，享受積分獎勵、專屬優惠、生日福利等超多會員權益",
     153 |     "rewardsSectionTitle": "ZGAR Club 獎勵能為您做什麼？",
         |   v
     154 +   },
         |   ^
     155 |   "Partner": {
     156 |     "title": "全球合作夥伴",
     157 |     "subtitle": "我們與全球頂尖企業建立戰略合作關係，共同開拓電子煙市場，實現共贏發展",
     158 |     "statPartners": "合作夥伴",

Import trace:
  Edge Middleware:
    ./messages/zh-hk.json
    ./i18n/request.ts
    ./node_modules/.pnpm/next-intl@4.6.1_next@16.0.8_react-dom@19.2.1_react@19.2.1__react@19.2.1_sass@1.92.1__react@19.2.1_typescript@5.9.2/node_modules/next-intl/dist/esm/development/server/react-server/getConfig.js
    ./node_modules/.pnpm/next-intl@4.6.1_next@16.0.8_react-dom@19.2.1_react@19.2.1__react@19.2.1_sass@1.92.1__react@19.2.1_typescript@5.9.2/node_modules/next-intl/dist/esm/development/navigation/react-server/getServerLocale.js
    ./node_modules/.pnpm/next-intl@4.6.1_next@16.0.8_react-dom@19.2.1_react@19.2.1__react@19.2.1_sass@1.92.1__react@19.2.1_typescript@5.9.2/node_modules/next-intl/dist/esm/development/navigation/react-server/createNavigation.js
    ./i18n/routing.ts
    ./middleware.ts @ http://localhost:3000/_next/static/chunks/e07b3_next_dist_c486d14f._.js:3117
[   49828ms] [ERROR] ./messages/en-us.json
Code generation for chunk item errored
An error occurred while generating the chunk item [project]/messages/en-us.json (json)

Caused by:
- Unable to make a module from invalid JSON: trailing comma at line 154 column 3

Debug info:
- An error occurred while generating the chunk item [project]/messages/en-us.json (json)
- Execution of <JsonChunkItem as EcmascriptChunkItem>::content failed
- Unable to make a module from invalid JSON: trailing comma at line 154 column 3
    at Club.?
     150 |     "goToSlide": "Go to slide {number}",
     151 |     "memberBenefitsTitle": "Exclusive Member Benefits",
     152 |     "memberBenefitsDesc": "Join ZGAR Club to enjoy points rewards, exclusive offers, birthday benefits and more",
     153 |     "rewardsSectionTitle": "What can ZGAR Club rewards do for you?",
         |   v
     154 +   },
         |   ^
     155 |   "Partner": {
     156 |     "title": "Global Partners",
     157 |     "subtitle": "We establish strategic partnerships with top global enterprises to jointly develop the e-cigarette market and achieve win-win development",
     158 |     "statPartners": "Partners",

Import trace:
  Edge Middleware:
    ./messages/en-us.json
    ./i18n/request.ts
    ./node_modules/.pnpm/next-intl@4.6.1_next@16.0.8_react-dom@19.2.1_react@19.2.1__react@19.2.1_sass@1.92.1__react@19.2.1_typescript@5.9.2/node_modules/next-intl/dist/esm/development/server/react-server/getConfig.js
    ./node_modules/.pnpm/next-intl@4.6.1_next@16.0.8_react-dom@19.2.1_react@19.2.1__react@19.2.1_sass@1.92.1__react@19.2.1_typescript@5.9.2/node_modules/next-intl/dist/esm/development/navigation/react-server/getServerLocale.js
    ./node_modules/.pnpm/next-intl@4.6.1_next@16.0.8_react-dom@19.2.1_react@19.2.1__react@19.2.1_sass@1.92.1__react@19.2.1_typescript@5.9.2/node_modules/next-intl/dist/esm/development/navigation/react-server/createNavigation.js
    ./i18n/routing.ts
    ./middleware.ts @ http://localhost:3000/_next/static/chunks/e07b3_next_dist_c486d14f._.js:3117
[   49828ms] [ERROR] ./messages/zh-hk.json
Code generation for chunk item errored
An error occurred while generating the chunk item [project]/messages/zh-hk.json (json)

Caused by:
- Unable to make a module from invalid JSON: trailing comma at line 154 column 3

Debug info:
- An error occurred while generating the chunk item [project]/messages/zh-hk.json (json)
- Execution of <JsonChunkItem as EcmascriptChunkItem>::content failed
- Unable to make a module from invalid JSON: trailing comma at line 154 column 3
    at Club.?
     150 |     "goToSlide": "切換到第 {number} 張",
     151 |     "memberBenefitsTitle": "會員專享權益",
     152 |     "memberBenefitsDesc": "加入ZGAR Club，享受積分獎勵、專屬優惠、生日福利等超多會員權益",
     153 |     "rewardsSectionTitle": "ZGAR Club 獎勵能為您做什麼？",
         |   v
     154 +   },
         |   ^
     155 |   "Partner": {
     156 |     "title": "全球合作夥伴",
     157 |     "subtitle": "我們與全球頂尖企業建立戰略合作關係，共同開拓電子煙市場，實現共贏發展",
     158 |     "statPartners": "合作夥伴",

Import trace:
  Edge Middleware:
    ./messages/zh-hk.json
    ./i18n/request.ts
    ./node_modules/.pnpm/next-intl@4.6.1_next@16.0.8_react-dom@19.2.1_react@19.2.1__react@19.2.1_sass@1.92.1__react@19.2.1_typescript@5.9.2/node_modules/next-intl/dist/esm/development/server/react-server/getConfig.js
    ./node_modules/.pnpm/next-intl@4.6.1_next@16.0.8_react-dom@19.2.1_react@19.2.1__react@19.2.1_sass@1.92.1__react@19.2.1_typescript@5.9.2/node_modules/next-intl/dist/esm/development/navigation/react-server/getServerLocale.js
    ./node_modules/.pnpm/next-intl@4.6.1_next@16.0.8_react-dom@19.2.1_react@19.2.1__react@19.2.1_sass@1.92.1__react@19.2.1_typescript@5.9.2/node_modules/next-intl/dist/esm/development/navigation/react-server/createNavigation.js
    ./i18n/routing.ts
    ./middleware.ts @ http://localhost:3000/_next/static/chunks/e07b3_next_dist_c486d14f._.js:3117
[   52209ms] [ERROR] ./messages/en-us.json
Code generation for chunk item errored
An error occurred while generating the chunk item [project]/messages/en-us.json (json)

Caused by:
- Unable to make a module from invalid JSON: trailing comma at line 154 column 3

Debug info:
- An error occurred while generating the chunk item [project]/messages/en-us.json (json)
- Execution of <JsonChunkItem as EcmascriptChunkItem>::content failed
- Unable to make a module from invalid JSON: trailing comma at line 154 column 3
    at Club.?
     150 |     "goToSlide": "Go to slide {number}",
     151 |     "memberBenefitsTitle": "Exclusive Member Benefits",
     152 |     "memberBenefitsDesc": "Join ZGAR Club to enjoy points rewards, exclusive offers, birthday benefits and more",
     153 |     "rewardsSectionTitle": "What can ZGAR Club rewards do for you?",
         |   v
     154 +   },
         |   ^
     155 |   "Partner": {
     156 |     "title": "Global Partners",
     157 |     "subtitle": "We establish strategic partnerships with top global enterprises to jointly develop the e-cigarette market and achieve win-win development",
     158 |     "statPartners": "Partners",

Import trace:
  Edge Middleware:
    ./messages/en-us.json
    ./i18n/request.ts
    ./node_modules/.pnpm/next-intl@4.6.1_next@16.0.8_react-dom@19.2.1_react@19.2.1__react@19.2.1_sass@1.92.1__react@19.2.1_typescript@5.9.2/node_modules/next-intl/dist/esm/development/server/react-server/getConfig.js
    ./node_modules/.pnpm/next-intl@4.6.1_next@16.0.8_react-dom@19.2.1_react@19.2.1__react@19.2.1_sass@1.92.1__react@19.2.1_typescript@5.9.2/node_modules/next-intl/dist/esm/development/navigation/react-server/getServerLocale.js
    ./node_modules/.pnpm/next-intl@4.6.1_next@16.0.8_react-dom@19.2.1_react@19.2.1__react@19.2.1_sass@1.92.1__react@19.2.1_typescript@5.9.2/node_modules/next-intl/dist/esm/development/navigation/react-server/createNavigation.js
    ./i18n/routing.ts
    ./middleware.ts @ http://localhost:3000/_next/static/chunks/e07b3_next_dist_c486d14f._.js:3117
[   52209ms] [ERROR] ./messages/zh-hk.json
Code generation for chunk item errored
An error occurred while generating the chunk item [project]/messages/zh-hk.json (json)

Caused by:
- Unable to make a module from invalid JSON: trailing comma at line 154 column 3

Debug info:
- An error occurred while generating the chunk item [project]/messages/zh-hk.json (json)
- Execution of <JsonChunkItem as EcmascriptChunkItem>::content failed
- Unable to make a module from invalid JSON: trailing comma at line 154 column 3
    at Club.?
     150 |     "goToSlide": "切換到第 {number} 張",
     151 |     "memberBenefitsTitle": "會員專享權益",
     152 |     "memberBenefitsDesc": "加入ZGAR Club，享受積分獎勵、專屬優惠、生日福利等超多會員權益",
     153 |     "rewardsSectionTitle": "ZGAR Club 獎勵能為您做什麼？",
         |   v
     154 +   },
         |   ^
     155 |   "Partner": {
     156 |     "title": "全球合作夥伴",
     157 |     "subtitle": "我們與全球頂尖企業建立戰略合作關係，共同開拓電子煙市場，實現共贏發展",
     158 |     "statPartners": "合作夥伴",

Import trace:
  Edge Middleware:
    ./messages/zh-hk.json
    ./i18n/request.ts
    ./node_modules/.pnpm/next-intl@4.6.1_next@16.0.8_react-dom@19.2.1_react@19.2.1__react@19.2.1_sass@1.92.1__react@19.2.1_typescript@5.9.2/node_modules/next-intl/dist/esm/development/server/react-server/getConfig.js
    ./node_modules/.pnpm/next-intl@4.6.1_next@16.0.8_react-dom@19.2.1_react@19.2.1__react@19.2.1_sass@1.92.1__react@19.2.1_typescript@5.9.2/node_modules/next-intl/dist/esm/development/navigation/react-server/getServerLocale.js
    ./node_modules/.pnpm/next-intl@4.6.1_next@16.0.8_react-dom@19.2.1_react@19.2.1__react@19.2.1_sass@1.92.1__react@19.2.1_typescript@5.9.2/node_modules/next-intl/dist/esm/development/navigation/react-server/createNavigation.js
    ./i18n/routing.ts
    ./middleware.ts @ http://localhost:3000/_next/static/chunks/e07b3_next_dist_c486d14f._.js:3117
