[     247ms] [ERROR] Failed to load resource: the server responded with a status of 404 (Not Found) @ http://localhost:3000/en-us/blog:0
[   23127ms] [WARNING] Image with src "http://localhost:3000/images/logo/logo-zgar.png" has either width or height modified, but not the other. If you use CSS to change the size of your image, also include the styles 'width: "auto"' or 'height: "auto"' to maintain the aspect ratio. @ http://localhost:3000/_next/static/chunks/e07b3_next_dist_c486d14f._.js:2287
[   27437ms] [WARNING] %c%s%c background: #e6e6e6;background: light-dark(rgba(0,0,0,0.1), rgba(255,255,255,0.25));color: #000000;color: light-dark(#000000, #ffffff);border-radius: 2px  Server   Error: Route "/[locale]/verify-guide" used `searchParams.c`. `searchParams` is a Promise and must be unwrapped with `await` or `React.use()` before accessing its properties. Learn more: https://nextjs.org/docs/messages/sync-dynamic-apis
    at VerifyPage (about://React/Server/file:///Users/rain/project/zgar/zgar-portal/.next/dev/server/chunks/ssr/%5Broot-of-the-server%5D__b42148e7._.js?50:116:37)
    at resolveErrorDev (http://localhost:3000/_next/static/chunks/e07b3_next_dist_compiled_react-server-dom-turbopack_a9f36c52._.js:1864:106)
    at getOutlinedModel (http://localhost:3000/_next/static/chunks/e07b3_next_dist_compiled_react-server-dom-turbopack_a9f36c52._.js:1414:28)
    at parseModelString (http://localhost:3000/_next/static/chunks/e07b3_next_dist_compiled_react-server-dom-turbopack_a9f36c52._.js:1528:50)
    at Object.<anonymous> (http://localhost:3000/_next/static/chunks/e07b3_next_dist_compiled_react-server-dom-turbopack_a9f36c52._.js:2457:51)
    at JSON.parse (<anonymous>)
    at initializeModelChunk (http://localhost:3000/_next/static/chunks/e07b3_next_dist_compiled_react-server-dom-turbopack_a9f36c52._.js:1047:30)
    at getOutlinedModel (http://localhost:3000/_next/static/chunks/e07b3_next_dist_compiled_react-server-dom-turbopack_a9f36c52._.js:1352:17)
    at parseModelString (http://localhost:3000/_next/static/chunks/e07b3_next_dist_compiled_react-server-dom-turbopack_a9f36c52._.js:1582:50)
    at Array.<anonymous> (http://localhost:3000/_next/static/chunks/e07b3_next_dist_compiled_react-server-dom-turbopack_a9f36c52._.js:2457:51)
    at JSON.parse (<anonymous>)
    at initializeModelChunk (http://localhost:3000/_next/static/chunks/e07b3_next_dist_compiled_react-server-dom-turbopack_a9f36c52._.js:1047:30)
    at resolveConsoleEntry (http://localhost:3000/_next/static/chunks/e07b3_next_dist_compiled_react-server-dom-turbopack_a9f36c52._.js:1990:96)
    at processFullStringRow (http://localhost:3000/_next/static/chunks/e07b3_next_dist_compiled_react-server-dom-turbopack_a9f36c52._.js:2391:17)
    at processFullBinaryRow (http://localhost:3000/_next/static/chunks/e07b3_next_dist_compiled_react-server-dom-turbopack_a9f36c52._.js:2331:9)
    at processBinaryChunk (http://localhost:3000/_next/static/chunks/e07b3_next_dist_compiled_react-server-dom-turbopack_a9f36c52._.js:2441:98)
    at progress (http://localhost:3000/_next/static/chunks/e07b3_next_dist_compiled_react-server-dom-turbopack_a9f36c52._.js:2610:13) @ http://localhost:3000/_next/static/chunks/e07b3_next_dist_c486d14f._.js:2287
[   27483ms] [WARNING] Detected `scroll-behavior: smooth` on the `<html>` element. To disable smooth scrolling during route transitions, add `data-scroll-behavior="smooth"` to your <html> element. Learn more: https://nextjs.org/docs/messages/missing-data-scroll-behavior @ http://localhost:3000/_next/static/chunks/e07b3_next_dist_c486d14f._.js:2287
[   31890ms] [WARNING] %c%s%c background: #e6e6e6;background: light-dark(rgba(0,0,0,0.1), rgba(255,255,255,0.25));color: #000000;color: light-dark(#000000, #ffffff);border-radius: 2px  Server   Error: Route "/[locale]/verify-guide" used `searchParams.c`. `searchParams` is a Promise and must be unwrapped with `await` or `React.use()` before accessing its properties. Learn more: https://nextjs.org/docs/messages/sync-dynamic-apis
    at VerifyPage (about://React/Server/file:///Users/rain/project/zgar/zgar-portal/.next/dev/server/chunks/ssr/%5Broot-of-the-server%5D__b42148e7._.js?50:116:37)
    at resolveErrorDev (http://localhost:3000/_next/static/chunks/e07b3_next_dist_compiled_react-server-dom-turbopack_a9f36c52._.js:1864:106)
    at getOutlinedModel (http://localhost:3000/_next/static/chunks/e07b3_next_dist_compiled_react-server-dom-turbopack_a9f36c52._.js:1414:28)
    at parseModelString (http://localhost:3000/_next/static/chunks/e07b3_next_dist_compiled_react-server-dom-turbopack_a9f36c52._.js:1528:50)
    at Object.<anonymous> (http://localhost:3000/_next/static/chunks/e07b3_next_dist_compiled_react-server-dom-turbopack_a9f36c52._.js:2457:51)
    at JSON.parse (<anonymous>)
    at initializeModelChunk (http://localhost:3000/_next/static/chunks/e07b3_next_dist_compiled_react-server-dom-turbopack_a9f36c52._.js:1047:30)
    at getOutlinedModel (http://localhost:3000/_next/static/chunks/e07b3_next_dist_compiled_react-server-dom-turbopack_a9f36c52._.js:1352:17)
    at parseModelString (http://localhost:3000/_next/static/chunks/e07b3_next_dist_compiled_react-server-dom-turbopack_a9f36c52._.js:1582:50)
    at Array.<anonymous> (http://localhost:3000/_next/static/chunks/e07b3_next_dist_compiled_react-server-dom-turbopack_a9f36c52._.js:2457:51)
    at JSON.parse (<anonymous>)
    at initializeModelChunk (http://localhost:3000/_next/static/chunks/e07b3_next_dist_compiled_react-server-dom-turbopack_a9f36c52._.js:1047:30)
    at resolveConsoleEntry (http://localhost:3000/_next/static/chunks/e07b3_next_dist_compiled_react-server-dom-turbopack_a9f36c52._.js:1990:96)
    at processFullStringRow (http://localhost:3000/_next/static/chunks/e07b3_next_dist_compiled_react-server-dom-turbopack_a9f36c52._.js:2391:17)
    at processFullBinaryRow (http://localhost:3000/_next/static/chunks/e07b3_next_dist_compiled_react-server-dom-turbopack_a9f36c52._.js:2331:9)
    at processBinaryChunk (http://localhost:3000/_next/static/chunks/e07b3_next_dist_compiled_react-server-dom-turbopack_a9f36c52._.js:2441:98)
    at progress (http://localhost:3000/_next/static/chunks/e07b3_next_dist_compiled_react-server-dom-turbopack_a9f36c52._.js:2610:13) @ http://localhost:3000/_next/static/chunks/e07b3_next_dist_c486d14f._.js:2287
[   38746ms] [ERROR] Failed to load resource: the server responded with a status of 404 (Not Found) @ http://localhost:3000/images/care/article1.webp:0
[   38746ms] [ERROR] Failed to load resource: the server responded with a status of 404 (Not Found) @ http://localhost:3000/images/care/article2.webp:0
[   38747ms] [ERROR] Failed to load resource: the server responded with a status of 404 (Not Found) @ http://localhost:3000/images/care/article3.webp:0
[   38758ms] [ERROR] Failed to load resource: the server responded with a status of 404 (Not Found) @ http://localhost:3000/images/care/article4.webp:0
[   38785ms] [ERROR] Failed to load resource: the server responded with a status of 404 (Not Found) @ http://localhost:3000/images/care/article5.webp:0
[   38793ms] [ERROR] Failed to load resource: the server responded with a status of 404 (Not Found) @ http://localhost:3000/images/care/article6.webp:0
[   48888ms] [ERROR] Failed to load resource: the server responded with a status of 404 (Not Found) @ http://localhost:3000/images/care/article1.webp:0
[   48890ms] [ERROR] Failed to load resource: the server responded with a status of 404 (Not Found) @ http://localhost:3000/images/care/article2.webp:0
[   48905ms] [ERROR] Failed to load resource: the server responded with a status of 404 (Not Found) @ http://localhost:3000/images/care/article3.webp:0
[   49320ms] [ERROR] Failed to load resource: the server responded with a status of 404 (Not Found) @ http://localhost:3000/images/care/article4.webp:0
[   49331ms] [ERROR] Failed to load resource: the server responded with a status of 404 (Not Found) @ http://localhost:3000/images/care/article5.webp:0
[   49654ms] [ERROR] Failed to load resource: the server responded with a status of 404 (Not Found) @ http://localhost:3000/images/care/article1.webp:0
[   49654ms] [ERROR] Failed to load resource: the server responded with a status of 404 (Not Found) @ http://localhost:3000/images/care/article2.webp:0
[   49681ms] [ERROR] Failed to load resource: the server responded with a status of 404 (Not Found) @ http://localhost:3000/images/care/article3.webp:0
[   49995ms] [ERROR] Failed to load resource: the server responded with a status of 404 (Not Found) @ http://localhost:3000/images/care/article1.webp:0
[   50021ms] [ERROR] Failed to load resource: the server responded with a status of 404 (Not Found) @ http://localhost:3000/images/care/article2.webp:0
[   50039ms] [ERROR] Failed to load resource: the server responded with a status of 404 (Not Found) @ http://localhost:3000/images/care/article3.webp:0
[   50073ms] [ERROR] Failed to load resource: the server responded with a status of 404 (Not Found) @ http://localhost:3000/images/care/article4.webp:0
[   50097ms] [ERROR] Failed to load resource: the server responded with a status of 404 (Not Found) @ http://localhost:3000/images/care/article5.webp:0
[   50106ms] [ERROR] Failed to load resource: the server responded with a status of 404 (Not Found) @ http://localhost:3000/images/care/article6.webp:0
[   52754ms] [WARNING] %c%s%c background: #e6e6e6;background: light-dark(rgba(0,0,0,0.1), rgba(255,255,255,0.25));color: #000000;color: light-dark(#000000, #ffffff);border-radius: 2px  Server   Error: Route "/[locale]/verify-guide" used `searchParams.c`. `searchParams` is a Promise and must be unwrapped with `await` or `React.use()` before accessing its properties. Learn more: https://nextjs.org/docs/messages/sync-dynamic-apis
    at VerifyPage (about://React/Server/file:///Users/rain/project/zgar/zgar-portal/.next/dev/server/chunks/ssr/%5Broot-of-the-server%5D__b42148e7._.js?50:116:37)
    at resolveErrorDev (http://localhost:3000/_next/static/chunks/e07b3_next_dist_compiled_react-server-dom-turbopack_a9f36c52._.js:1864:106)
    at getOutlinedModel (http://localhost:3000/_next/static/chunks/e07b3_next_dist_compiled_react-server-dom-turbopack_a9f36c52._.js:1414:28)
    at parseModelString (http://localhost:3000/_next/static/chunks/e07b3_next_dist_compiled_react-server-dom-turbopack_a9f36c52._.js:1528:50)
    at Object.<anonymous> (http://localhost:3000/_next/static/chunks/e07b3_next_dist_compiled_react-server-dom-turbopack_a9f36c52._.js:2457:51)
    at JSON.parse (<anonymous>)
    at initializeModelChunk (http://localhost:3000/_next/static/chunks/e07b3_next_dist_compiled_react-server-dom-turbopack_a9f36c52._.js:1047:30)
    at getOutlinedModel (http://localhost:3000/_next/static/chunks/e07b3_next_dist_compiled_react-server-dom-turbopack_a9f36c52._.js:1352:17)
    at parseModelString (http://localhost:3000/_next/static/chunks/e07b3_next_dist_compiled_react-server-dom-turbopack_a9f36c52._.js:1582:50)
    at Array.<anonymous> (http://localhost:3000/_next/static/chunks/e07b3_next_dist_compiled_react-server-dom-turbopack_a9f36c52._.js:2457:51)
    at JSON.parse (<anonymous>)
    at initializeModelChunk (http://localhost:3000/_next/static/chunks/e07b3_next_dist_compiled_react-server-dom-turbopack_a9f36c52._.js:1047:30)
    at resolveConsoleEntry (http://localhost:3000/_next/static/chunks/e07b3_next_dist_compiled_react-server-dom-turbopack_a9f36c52._.js:1990:96)
    at processFullStringRow (http://localhost:3000/_next/static/chunks/e07b3_next_dist_compiled_react-server-dom-turbopack_a9f36c52._.js:2391:17)
    at processFullBinaryRow (http://localhost:3000/_next/static/chunks/e07b3_next_dist_compiled_react-server-dom-turbopack_a9f36c52._.js:2331:9)
    at processBinaryChunk (http://localhost:3000/_next/static/chunks/e07b3_next_dist_compiled_react-server-dom-turbopack_a9f36c52._.js:2441:98)
    at progress (http://localhost:3000/_next/static/chunks/e07b3_next_dist_compiled_react-server-dom-turbopack_a9f36c52._.js:2610:13) @ http://localhost:3000/_next/static/chunks/e07b3_next_dist_c486d14f._.js:2287
